[debug] [2026-01-18T16:32:41.152Z] ----------------------------------------------------------------------
[debug] [2026-01-18T16:32:41.154Z] Command:       C:\Program Files\nodejs\node.exe C:\Users\ainna\AppData\Roaming\npm\node_modules\firebase-tools\lib\bin\firebase.js deploy
[debug] [2026-01-18T16:32:41.155Z] CLI Version:   15.3.1
[debug] [2026-01-18T16:32:41.155Z] Platform:      win32
[debug] [2026-01-18T16:32:41.155Z] Node Version:  v24.11.1
[debug] [2026-01-18T16:32:41.155Z] Time:          Mon Jan 19 2026 00:32:41 GMT+0800 (Singapore Standard Time)
[debug] [2026-01-18T16:32:41.155Z] ----------------------------------------------------------------------
[debug] 
[debug] [2026-01-18T16:32:43.208Z] > command requires scopes: ["email","openid","https://www.googleapis.com/auth/cloudplatformprojects.readonly","https://www.googleapis.com/auth/firebase","https://www.googleapis.com/auth/cloud-platform"]
[debug] [2026-01-18T16:32:43.208Z] > authorizing via signed-in user (najwanasraa@gmail.com)
[debug] [2026-01-18T16:32:43.209Z] [iam] checking project proctorport23 for permissions ["firebase.projects.get","firebasehosting.sites.update"]
[debug] [2026-01-18T16:32:43.209Z] Checked if tokens are valid: true, expires at: 1768769439823
[debug] [2026-01-18T16:32:43.209Z] Checked if tokens are valid: true, expires at: 1768769439823
[debug] [2026-01-18T16:32:43.210Z] >>> [apiv2][query] POST https://cloudresourcemanager.googleapis.com/v1/projects/proctorport23:testIamPermissions [none]
[debug] [2026-01-18T16:32:43.210Z] >>> [apiv2][(partial)header] POST https://cloudresourcemanager.googleapis.com/v1/projects/proctorport23:testIamPermissions x-goog-quota-user=projects/proctorport23
[debug] [2026-01-18T16:32:43.210Z] >>> [apiv2][body] POST https://cloudresourcemanager.googleapis.com/v1/projects/proctorport23:testIamPermissions {"permissions":["firebase.projects.get","firebasehosting.sites.update"]}
[debug] [2026-01-18T16:32:44.455Z] <<< [apiv2][status] POST https://cloudresourcemanager.googleapis.com/v1/projects/proctorport23:testIamPermissions 401
[debug] [2026-01-18T16:32:44.455Z] <<< [apiv2][body] POST https://cloudresourcemanager.googleapis.com/v1/projects/proctorport23:testIamPermissions {"error":{"code":401,"message":"Request had invalid authentication credentials. Expected OAuth 2 access token, login cookie or other valid authentication credential. See https://developers.google.com/identity/sign-in/web/devconsole-project.","status":"UNAUTHENTICATED","details":[{"@type":"type.googleapis.com/google.rpc.ErrorInfo","reason":"ACCESS_TOKEN_TYPE_UNSUPPORTED","metadata":{"method":"google.cloudresourcemanager.v1.Projects.TestIamPermissions","service":"cloudresourcemanager.googleapis.com"}}]}}
[debug] [2026-01-18T16:32:44.455Z] Got a 401 Unauthenticated error for a call that required authentication. Refreshing tokens.
[debug] [2026-01-18T16:32:44.455Z] Checked if tokens are valid: true, expires at: 1768769439823
[debug] [2026-01-18T16:32:44.455Z] Checked if tokens are valid: true, expires at: 1768769439823
[debug] [2026-01-18T16:32:44.456Z] [iam] error while checking permissions, command may fail: Request to https://cloudresourcemanager.googleapis.com/v1/projects/proctorport23:testIamPermissions had HTTP Error: 401, Request had invalid authentication credentials. Expected OAuth 2 access token, login cookie or other valid authentication credential. See https://developers.google.com/identity/sign-in/web/devconsole-project.
[debug] [2026-01-18T16:32:44.456Z] Checked if tokens are valid: true, expires at: 1768769439823
[debug] [2026-01-18T16:32:44.456Z] >>> [apiv2][query] GET https://firebase.googleapis.com/v1beta1/projects/proctorport23 [none]
[debug] [2026-01-18T16:32:44.877Z] <<< [apiv2][status] GET https://firebase.googleapis.com/v1beta1/projects/proctorport23 401
[debug] [2026-01-18T16:32:44.878Z] <<< [apiv2][body] GET https://firebase.googleapis.com/v1beta1/projects/proctorport23 {"error":{"code":401,"message":"Request had invalid authentication credentials. Expected OAuth 2 access token, login cookie or other valid authentication credential. See https://developers.google.com/identity/sign-in/web/devconsole-project.","status":"UNAUTHENTICATED"}}
[debug] [2026-01-18T16:32:44.878Z] Got a 401 Unauthenticated error for a call that required authentication. Refreshing tokens.
[debug] [2026-01-18T16:32:44.878Z] Checked if tokens are valid: true, expires at: 1768769439823
[debug] [2026-01-18T16:32:44.878Z] Checked if tokens are valid: true, expires at: 1768769439823
[debug] [2026-01-18T16:32:44.878Z] Request to https://firebase.googleapis.com/v1beta1/projects/proctorport23 had HTTP Error: 401, Request had invalid authentication credentials. Expected OAuth 2 access token, login cookie or other valid authentication credential. See https://developers.google.com/identity/sign-in/web/devconsole-project.
[error] 
[error] Error: Assertion failed: resolving hosting target of a site with no site name or target name. This should have caused an error earlier
[debug] [2026-01-18T16:34:00.278Z] ----------------------------------------------------------------------
[debug] [2026-01-18T16:34:00.279Z] Command:       C:\Program Files\nodejs\node.exe C:\Users\ainna\AppData\Roaming\npm\node_modules\firebase-tools\lib\bin\firebase.js init hosting
[debug] [2026-01-18T16:34:00.280Z] CLI Version:   15.3.1
[debug] [2026-01-18T16:34:00.280Z] Platform:      win32
[debug] [2026-01-18T16:34:00.280Z] Node Version:  v24.11.1
[debug] [2026-01-18T16:34:00.280Z] Time:          Mon Jan 19 2026 00:34:00 GMT+0800 (Singapore Standard Time)
[debug] [2026-01-18T16:34:00.280Z] ----------------------------------------------------------------------
[debug] 
[info] 
     ######## #### ########  ######## ########     ###     ######  ########
     ##        ##  ##     ## ##       ##     ##  ##   ##  ##       ##
     ######    ##  ########  ######   ########  #########  ######  ######
     ##        ##  ##    ##  ##       ##     ## ##     ##       ## ##
     ##       #### ##     ## ######## ########  ##     ##  ######  ########

You're about to initialize a Firebase project in this directory:

  C:\Users\ainna\Desktop\FYP\proctorport

Before we get started, keep in mind:

  * You are initializing within an existing Firebase project directory

[info] 
=== Project Setup
[info] 
[info] First, let's associate this project directory with a Firebase project.
[info] You can create multiple project aliases by running firebase use --add, 
[info] 
[debug] [2026-01-18T16:34:41.932Z] > command requires scopes: ["email","openid","https://www.googleapis.com/auth/cloudplatformprojects.readonly","https://www.googleapis.com/auth/firebase","https://www.googleapis.com/auth/cloud-platform"]
[debug] [2026-01-18T16:34:41.932Z] > authorizing via signed-in user (najwanasraa@gmail.com)
[debug] [2026-01-18T16:34:41.933Z] Checked if tokens are valid: true, expires at: 1768769439823
[debug] [2026-01-18T16:34:41.933Z] Checked if tokens are valid: true, expires at: 1768769439823
[debug] [2026-01-18T16:34:41.934Z] >>> [apiv2][query] GET https://firebase.googleapis.com/v1beta1/projects/proctorport23 [none]
[debug] [2026-01-18T16:34:42.418Z] <<< [apiv2][status] GET https://firebase.googleapis.com/v1beta1/projects/proctorport23 401
[debug] [2026-01-18T16:34:42.419Z] <<< [apiv2][body] GET https://firebase.googleapis.com/v1beta1/projects/proctorport23 {"error":{"code":401,"message":"Request had invalid authentication credentials. Expected OAuth 2 access token, login cookie or other valid authentication credential. See https://developers.google.com/identity/sign-in/web/devconsole-project.","status":"UNAUTHENTICATED"}}
[debug] [2026-01-18T16:34:42.419Z] Got a 401 Unauthenticated error for a call that required authentication. Refreshing tokens.
[debug] [2026-01-18T16:34:42.419Z] Checked if tokens are valid: true, expires at: 1768769439823
[debug] [2026-01-18T16:34:42.419Z] Checked if tokens are valid: true, expires at: 1768769439823
[debug] [2026-01-18T16:34:42.420Z] Request to https://firebase.googleapis.com/v1beta1/projects/proctorport23 had HTTP Error: 401, Request had invalid authentication credentials. Expected OAuth 2 access token, login cookie or other valid authentication credential. See https://developers.google.com/identity/sign-in/web/devconsole-project.
[debug] [2026-01-18T16:34:42.599Z] FirebaseError: Request to https://firebase.googleapis.com/v1beta1/projects/proctorport23 had HTTP Error: 401, Request had invalid authentication credentials. Expected OAuth 2 access token, login cookie or other valid authentication credential. See https://developers.google.com/identity/sign-in/web/devconsole-project.
    at responseToError (C:\Users\ainna\AppData\Roaming\npm\node_modules\firebase-tools\lib\responseToError.js:53:12)
    at RetryOperation._fn (C:\Users\ainna\AppData\Roaming\npm\node_modules\firebase-tools\lib\apiv2.js:320:77)
    at process.processTicksAndRejections (node:internal/process/task_queues:103:5)
[error] 
[error] Error: Failed to get Firebase project proctorport23. Please make sure the project exists and your account has permission to access it.
